<?xml version="1.0" encoding="UTF-8" ?>
<testsuite tests="65" failures="0" name="br.com.contmatic.empresa.FuncionarioTest" time="0.2" errors="0" skipped="0">
  <properties>
[...]
</properties>
  <testcase classname="br.com.contmatic.empresa.FuncionarioTest" name="deve_aceitar_rg_com_8_digitos" time="0.006"/>
  <testcase classname="br.com.contmatic.empresa.FuncionarioTest" name="nao_deve_apontar_igualdade_usando_equals_sobrescrito_porque_objeto2_e_nulo" time="0"/>
  <testcase classname="br.com.contmatic.empresa.FuncionarioTest" name="nao_deve_aceitar_cpf_composto_por_mais_de_11_digitos" time="0.005"/>
  <testcase classname="br.com.contmatic.empresa.FuncionarioTest" name="nao_deve_apontar_igualdade_entre_os_objetos_usando_equals_sobrescrito_porque_cpf_do_objeto2_e_diferente" time="0"/>
  <testcase classname="br.com.contmatic.empresa.FuncionarioTest" name="deve_validar_objeto_criado_com_o_fixture" time="0.003"/>
  <testcase classname="br.com.contmatic.empresa.FuncionarioTest" name="deve_apontar_igualdade_entre_os_objetos_funcionario_usando_hashcode_sobrescrito" time="0"/>
  <testcase classname="br.com.contmatic.empresa.FuncionarioTest" name="deve_definir_um_novo_rg_para_o_funcionario" time="0.004"/>
  <testcase classname="br.com.contmatic.empresa.FuncionarioTest" name="nao_deve_aceitar_data_de_nascimento_futura" time="0.003"/>
  <testcase classname="br.com.contmatic.empresa.FuncionarioTest" name="nao_deve_aceitar_rg_nulo" time="0.003"/>
  <testcase classname="br.com.contmatic.empresa.FuncionarioTest" name="nao_deve_aceitar_rg_composto_por_menos_de_8_caracteres" time="0.003"/>
  <testcase classname="br.com.contmatic.empresa.FuncionarioTest" name="nao_deve_apontar_igualdade_entre_os_objetos_usando_equals_sobrescrito_porque_os_objetos_sao_de_classes_diferentes" time="0.001"/>
  <testcase classname="br.com.contmatic.empresa.FuncionarioTest" name="nao_deve_aceitar_nome_em_branco" time="0.005"/>
  <testcase classname="br.com.contmatic.empresa.FuncionarioTest" name="nao_deve_aceitar_nome_que_nao_inicia_com_letra" time="0.004"/>
  <testcase classname="br.com.contmatic.empresa.FuncionarioTest" name="nao_deve_redefinir_lista_de_dependentes_por_uma_lista_nula" time="0.004"/>
  <testcase classname="br.com.contmatic.empresa.FuncionarioTest" name="nao_deve_apontar_igualdade_entre_os_objetos_usando_hashcode_sobrescrito" time="0"/>
  <testcase classname="br.com.contmatic.empresa.FuncionarioTest" name="nao_deve_aceitar_rg_com_letras" time="0.004"/>
  <testcase classname="br.com.contmatic.empresa.FuncionarioTest" name="deve_aceitar_nome_apenas_com_letras_e_espaco" time="0.005"/>
  <testcase classname="br.com.contmatic.empresa.FuncionarioTest" name="nao_deve_aceitar_email_com_menos_de_6_caracteres" time="0.003"/>
  <testcase classname="br.com.contmatic.empresa.FuncionarioTest" name="nao_deve_aceitar_rg_composto_por_mais_de_9_caracteres" time="0.005"/>
  <testcase classname="br.com.contmatic.empresa.FuncionarioTest" name="nao_deve_aceitar_nome_com_numeros" time="0.005"/>
  <testcase classname="br.com.contmatic.empresa.FuncionarioTest" name="deve_definir_um_novo_cpf_para_o_funcionario" time="0.004"/>
  <testcase classname="br.com.contmatic.empresa.FuncionarioTest" name="deve_redefinir_email_valido" time="0.004"/>
  <testcase classname="br.com.contmatic.empresa.FuncionarioTest" name="nao_deve_aceitar_cpf_nulo" time="0.004"/>
  <testcase classname="br.com.contmatic.empresa.FuncionarioTest" name="nao_deve_aceitar_rg_em_branco" time="0.004"/>
  <testcase classname="br.com.contmatic.empresa.FuncionarioTest" name="nao_deve_aceitar_data_de_admissao_nula" time="0.003"/>
  <testcase classname="br.com.contmatic.empresa.FuncionarioTest" name="nao_deve_aceitar_nome_nulo" time="0.004"/>
  <testcase classname="br.com.contmatic.empresa.FuncionarioTest" name="nao_deve_aceitar_rg_com_menos_de_8_digitos" time="0.003"/>
  <testcase classname="br.com.contmatic.empresa.FuncionarioTest" name="nao_deve_aceitar_rg_com_mais_de_9_digitos" time="0.003"/>
  <testcase classname="br.com.contmatic.empresa.FuncionarioTest" name="nao_deve_aceitar_cpf_composto_por_caracteres_especiais" time="0.003"/>
  <testcase classname="br.com.contmatic.empresa.FuncionarioTest" name="deve_aceitar_data_de_termino_de_contrato_especificada" time="0.003"/>
  <testcase classname="br.com.contmatic.empresa.FuncionarioTest" name="nao_deve_redefinir_a_lista_de_dependentes_por_uma_lista_que_esteja_vazia" time="0.003"/>
  <testcase classname="br.com.contmatic.empresa.FuncionarioTest" name="nao_deve_aceitar_data_de_termino_de_contrato_nula" time="0.003"/>
  <testcase classname="br.com.contmatic.empresa.FuncionarioTest" name="nao_deve_aceitar_data_de_termino_de_contrato_passada" time="0.003"/>
  <testcase classname="br.com.contmatic.empresa.FuncionarioTest" name="nao_deve_aceitar_cpf_composto_por_letras" time="0.004"/>
  <testcase classname="br.com.contmatic.empresa.FuncionarioTest" name="nao_deve_aceitar_email_nulo" time="0.003"/>
  <testcase classname="br.com.contmatic.empresa.FuncionarioTest" name="nao_deve_aceitar_data_de_admissao_futura" time="0.002"/>
  <testcase classname="br.com.contmatic.empresa.FuncionarioTest" name="deve_definir_um_novo_nome_para_o_funcionario" time="0.003"/>
  <testcase classname="br.com.contmatic.empresa.FuncionarioTest" name="deve_aceitar_nome_com_letras_espaco_e_ponto" time="0.003"/>
  <testcase classname="br.com.contmatic.empresa.FuncionarioTest" name="deve_redefinir_lista_de_dependentes" time="0.002"/>
  <testcase classname="br.com.contmatic.empresa.FuncionarioTest" name="nao_deve_aceitar_rg_com_caracteres_especiais" time="0.003"/>
  <testcase classname="br.com.contmatic.empresa.FuncionarioTest" name="deve_apontar_igualdade_entre_os_objetos_usando_equals_sobrescrito_porque_sao_o_mesmo_objeto" time="0"/>
  <testcase classname="br.com.contmatic.empresa.FuncionarioTest" name="nao_deve_aceitar_nome_fora_do_padrao_da_regex_especificada" time="0.002"/>
  <testcase classname="br.com.contmatic.empresa.FuncionarioTest" name="nao_deve_aceitar_data_de_nascimento_nula" time="0.003"/>
  <testcase classname="br.com.contmatic.empresa.FuncionarioTest" name="deve_aceitar_rg_com_9_digitos" time="0.003"/>
  <testcase classname="br.com.contmatic.empresa.FuncionarioTest" name="deve_indicar_que_o_metodo_toString_esta_sobrescrito_por_nao_conter_o_caractere_arroba" time="0"/>
  <testcase classname="br.com.contmatic.empresa.FuncionarioTest" name="deve_apontar_igualdade_entre_os_objetos_funcionario" time="0.001"/>
  <testcase classname="br.com.contmatic.empresa.FuncionarioTest" name="nao_deve_aceitar_nome_de_tamanho_menor_que_2_caracteres" time="0.003"/>
  <testcase classname="br.com.contmatic.empresa.FuncionarioTest" name="nao_deve_aceitar_nome_com_menos_de_uma_letra_independentemente_da_quantidade_de_caracteres_da_string" time="0.003"/>
  <testcase classname="br.com.contmatic.empresa.FuncionarioTest" name="nao_deve_aceitar_nome_de_tamanho_maior_que_100_caracteres" time="0.003"/>
  <testcase classname="br.com.contmatic.empresa.FuncionarioTest" name="nao_deve_aceitar_cpf_composto_por_digitos_iguais" time="0.003"/>
  <testcase classname="br.com.contmatic.empresa.FuncionarioTest" name="deve_aceitar_data_de_admissao_especificada" time="0.003"/>
  <testcase classname="br.com.contmatic.empresa.FuncionarioTest" name="nao_deve_aceitar_cpf_composto_por_menos_de_11_digitos" time="0.004"/>
  <testcase classname="br.com.contmatic.empresa.FuncionarioTest" name="deve_aceitar_data_de_nascimento_especificada" time="0.003"/>
  <testcase classname="br.com.contmatic.empresa.FuncionarioTest" name="deve_aceitar_email_valido" time="0.003"/>
  <testcase classname="br.com.contmatic.empresa.FuncionarioTest" name="nao_deve_aceitar_rg_que_contenha_qualquer_caractere_estranho_a_digitos" time="0.005"/>
  <testcase classname="br.com.contmatic.empresa.FuncionarioTest" name="deve_aceitar_cpf_valido_sem_caracteres_especiais_estranhos_ao_padrao" time="0.004"/>
  <testcase classname="br.com.contmatic.empresa.FuncionarioTest" name="deve_aceitar_nome_apenas_com_letras" time="0.003"/>
  <testcase classname="br.com.contmatic.empresa.FuncionarioTest" name="nao_deve_aceitar_email_com_mais_de_100_caracteres" time="0.004"/>
  <testcase classname="br.com.contmatic.empresa.FuncionarioTest" name="deve_apontar_igualdade_entre_os_objetos_usando_equals_sobrescrito_porque_ambos_tem_o_mesmo_cpf" time="0"/>
  <testcase classname="br.com.contmatic.empresa.FuncionarioTest" name="nao_deve_aceitar_email_invalido" time="0.005"/>
  <testcase classname="br.com.contmatic.empresa.FuncionarioTest" name="deve_aceitar_cpf_valido_com_mascara" time="0.002"/>
  <testcase classname="br.com.contmatic.empresa.FuncionarioTest" name="nao_deve_aceitar_nome_com_caracteres_especiais" time="0.003"/>
  <testcase classname="br.com.contmatic.empresa.FuncionarioTest" name="nao_deve_aceitar_cpf_em_branco" time="0.004"/>
  <testcase classname="br.com.contmatic.empresa.FuncionarioTest" name="nao_deve_aceitar_nome_de_tamanho_diferente_do_especificado" time="0.005"/>
  <testcase classname="br.com.contmatic.empresa.FuncionarioTest" name="nao_deve_aceitar_cpf_invalido" time="0.004"/>
</testsuite>