<?xml version="1.0" encoding="UTF-8" ?>
<testsuite tests="110" failures="0" name="br.com.contmatic.empresa.EmpresaTest" time="0.769" errors="0" skipped="1">
  <properties>
[...]
</properties>
  <testcase classname="br.com.contmatic.empresa.EmpresaTest" name="deve_aceitar_nome_fantasia_com_letras_e_hifen" time="0.029"/>
  <testcase classname="br.com.contmatic.empresa.EmpresaTest" name="nao_deve_aceitar_nome_fantasia_em_branco" time="0.009"/>
  <testcase classname="br.com.contmatic.empresa.EmpresaTest" name="nao_deve_aceitar_area_de_atuacao_com_numeros" time="0.008"/>
  <testcase classname="br.com.contmatic.empresa.EmpresaTest" name="nao_deve_redefinir_a_lista_de_departamentos_por_uma_lista_que_esteja_vazia" time="0.006"/>
  <testcase classname="br.com.contmatic.empresa.EmpresaTest" name="deve_aceitar_razao_social_com_letras_e_hifen" time="0.008"/>
  <testcase classname="br.com.contmatic.empresa.EmpresaTest" name="nao_deve_aceitar_razao_social_apenas_com_numeros" time="0.009"/>
  <testcase classname="br.com.contmatic.empresa.EmpresaTest" name="deve_aceitar_razao_social_com_letras_hifen_espaco_e_ponto" time="0.006"/>
  <testcase classname="br.com.contmatic.empresa.EmpresaTest" name="nao_deve_aceitar_razao_social_com_hifen_no_inicio" time="0.009"/>
  <testcase classname="br.com.contmatic.empresa.EmpresaTest" name="deve_aceitar_nome_fantasia_com_exclamacao" time="0.009"/>
  <testcase classname="br.com.contmatic.empresa.EmpresaTest" name="nao_deve_aceitar_razao_social_fora_da_regex_especificada" time="0.01"/>
  <testcase classname="br.com.contmatic.empresa.EmpresaTest" name="nao_deve_aceitar_area_de_atuacao_apenas_com_caracteres_especiais" time="0.011"/>
  <testcase classname="br.com.contmatic.empresa.EmpresaTest" name="nao_deve_aceitar_area_de_atuacao_com_caracteres_especiais" time="0.01"/>
  <testcase classname="br.com.contmatic.empresa.EmpresaTest" name="nao_deve_aceitar_nome_fantasia_de_tamanho_menor_que_2_caracteres" time="0.009"/>
  <testcase classname="br.com.contmatic.empresa.EmpresaTest" name="deve_aceitar_nome_fantasia_com_letras_e_espaco" time="0.008"/>
  <testcase classname="br.com.contmatic.empresa.EmpresaTest" name="nao_deve_aceitar_nome_fantasia_nulo" time="0.008"/>
  <testcase classname="br.com.contmatic.empresa.EmpresaTest" name="deve_aceitar_nome_fantasia_com_letras_numeros_espaco_e_ponto" time="0.016"/>
  <testcase classname="br.com.contmatic.empresa.EmpresaTest" name="nao_deve_aceitar_cnpj_que_contenha_qualquer_caractere_estranho_a_digitos" time="0.005"/>
  <testcase classname="br.com.contmatic.empresa.EmpresaTest" name="deve_aceitar_razao_social_com_E_comercial" time="0.007"/>
  <testcase classname="br.com.contmatic.empresa.EmpresaTest" name="nao_deve_aceitar_nome_fantasia_apenas_com_ponto" time="0.005"/>
  <testcase classname="br.com.contmatic.empresa.EmpresaTest" name="deve_aceitar_razao_social_com_ponto_entre_caracteres" time="0.008"/>
  <testcase classname="br.com.contmatic.empresa.EmpresaTest" name="nao_deve_aceitar_razao_social_com_letras_e_caracteres_especiais_diferentes" time="0.008"/>
  <testcase classname="br.com.contmatic.empresa.EmpresaTest" name="nao_deve_aceitar_cnpj_nulo" time="0.006"/>
  <testcase classname="br.com.contmatic.empresa.EmpresaTest" name="deve_aceitar_nome_fantasia_com_letras_numeros_hifen_espaco_e_ponto" time="0.008"/>
  <testcase classname="br.com.contmatic.empresa.EmpresaTest" name="deve_aceitar_area_de_atuacao_apenas_com_letras" time="0.008"/>
  <testcase classname="br.com.contmatic.empresa.EmpresaTest" name="nao_deve_redefinir_a_lista_de_departamentos_por_uma_lista_nula" time="0.008"/>
  <testcase classname="br.com.contmatic.empresa.EmpresaTest" name="deve_definir_endereco_para_o_objeto_empresa" time="0.009"/>
  <testcase classname="br.com.contmatic.empresa.EmpresaTest" name="nao_deve_apontar_igualdade_entre_os_objetos_empresa_usando_hashcode_sobrescrito" time="0.006"/>
  <testcase classname="br.com.contmatic.empresa.EmpresaTest" name="nao_deve_aceitar_email_com_menos_de_6_caracteres" time="0.007"/>
  <testcase classname="br.com.contmatic.empresa.EmpresaTest" name="nao_deve_aceitar_razao_social_de_tamanho_menor_que_2_caracteres" time="0.009"/>
  <testcase classname="br.com.contmatic.empresa.EmpresaTest" name="nao_deve_aceitar_razao_social_com_hifen_no_fim" time="0.008"/>
  <testcase classname="br.com.contmatic.empresa.EmpresaTest" name="nao_deve_aceitar_razao_social_apenas_com_caracteres_especiais" time="0.008"/>
  <testcase classname="br.com.contmatic.empresa.EmpresaTest" name="nao_deve_aceitar_cnpj_invalido" time="0.005"/>
  <testcase classname="br.com.contmatic.empresa.EmpresaTest" name="deve_aceitar_nome_fantasia_com_ponto_entre_caracteres" time="0.005"/>
  <testcase classname="br.com.contmatic.empresa.EmpresaTest" name="nao_deve_aceitar_nome_fantasia_apenas_com_numeros" time="0.006"/>
  <testcase classname="br.com.contmatic.empresa.EmpresaTest" name="deve_redefinir_email_valido" time="0.006"/>
  <testcase classname="br.com.contmatic.empresa.EmpresaTest" name="nao_deve_aceitar_nome_fantasia_apenas_com_caracteres_especiais" time="0.009"/>
  <testcase classname="br.com.contmatic.empresa.EmpresaTest" name="nao_deve_aceitar_area_de_atuacao_com_menos_de_2_caracteres" time="0.005"/>
  <testcase classname="br.com.contmatic.empresa.EmpresaTest" name="deve_definir_um_novo_nome_fantasia_para_a_empresa" time="0.005"/>
  <testcase classname="br.com.contmatic.empresa.EmpresaTest" name="deve_definir_uma_nova_razao_social_para_a_empresa" time="0.005"/>
  <testcase classname="br.com.contmatic.empresa.EmpresaTest" name="deve_redefinir_a_colecao_de_telefones" time="0.006"/>
  <testcase classname="br.com.contmatic.empresa.EmpresaTest" name="nao_deve_aceitar_nome_fantasia_com_hifen_no_inicio" time="0.005"/>
  <testcase classname="br.com.contmatic.empresa.EmpresaTest" name="deve_indicar_que_a_lista_de_departamentos_e_inicializada_na_construcao_do_objeto" time="0.004"/>
  <testcase classname="br.com.contmatic.empresa.EmpresaTest" name="nao_deve_apontar_igualdade_entre_os_objetos_usando_equals_sobrescrito_porque_cnpj_do_objeto2_e_diferente" time="0.007"/>
  <testcase classname="br.com.contmatic.empresa.EmpresaTest" name="deve_aceitar_razao_social_com_E_comercial_e_virgula" time="0.007"/>
  <testcase classname="br.com.contmatic.empresa.EmpresaTest" name="deve_aceitar_cnpj_valido_com_mascara" time="0.008"/>
  <testcase classname="br.com.contmatic.empresa.EmpresaTest" name="deve_aceitar_nome_fantasia_apenas_com_letras" time="0.008"/>
  <testcase classname="br.com.contmatic.empresa.EmpresaTest" name="nao_deve_aceitar_email_nulo" time="0.008"/>
  <testcase classname="br.com.contmatic.empresa.EmpresaTest" name="deve_aceitar_razao_social_com_letras_numeros_espaco_e_ponto" time="0.007"/>
  <testcase classname="br.com.contmatic.empresa.EmpresaTest" name="deve_aceitar_nome_fantasia_com_mais_de_um_ponto" time="0.007"/>
  <testcase classname="br.com.contmatic.empresa.EmpresaTest" name="nao_deve_aceitar_cnpj_composto_por_mais_de_14_digitos" time="0.005"/>
  <testcase classname="br.com.contmatic.empresa.EmpresaTest" name="deve_aceitar_razao_social_com_numeros_entre_letras" time="0.005"/>
  <testcase classname="br.com.contmatic.empresa.EmpresaTest" name="nao_deve_aceitar_endereco_nulo" time="0.005"/>
  <testcase classname="br.com.contmatic.empresa.EmpresaTest" name="nao_deve_confirmar_a_presenca_dessa_segunda_string_na_razao_social_do_objeto_usado_em_toda_a_classe_de_teste" time="0.005">
    <skipped message="Exemplo de teste ignorado"/>
  </testcase>
  <testcase classname="br.com.contmatic.empresa.EmpresaTest" name="nao_deve_aceitar_area_de_atuacao_apenas_com_espaco" time="0.006"/>
  <testcase classname="br.com.contmatic.empresa.EmpresaTest" name="nao_deve_aceitar_razao_social_apenas_com_numeros_e_hifen" time="0.006"/>
  <testcase classname="br.com.contmatic.empresa.EmpresaTest" name="deve_apontar_igualdade_entre_os_objetos_usando_equals_sobrescrito_porque_sao_o_mesmo_objeto" time="0.002"/>
  <testcase classname="br.com.contmatic.empresa.EmpresaTest" name="nao_deve_aceitar_nome_fantasia_apenas_com_espaco" time="0.005"/>
  <testcase classname="br.com.contmatic.empresa.EmpresaTest" name="deve_indicar_que_a_lista_de_telefones_e_inicializada_na_construcao_do_objeto" time="0.004"/>
  <testcase classname="br.com.contmatic.empresa.EmpresaTest" name="nao_deve_aceitar_cnpj_em_branco" time="0.006"/>
  <testcase classname="br.com.contmatic.empresa.EmpresaTest" name="deve_aceitar_razao_social_com_letras_numeros_hifen_espaco_e_ponto" time="0.005"/>
  <testcase classname="br.com.contmatic.empresa.EmpresaTest" name="deve_executar_sem_exceder_o_limite_de_tempo" time="0.007"/>
  <testcase classname="br.com.contmatic.empresa.EmpresaTest" name="deve_aceitar_area_de_atuacao_com_letras_e_espacos" time="0.009"/>
  <testcase classname="br.com.contmatic.empresa.EmpresaTest" name="deve_retornar_true_na_validacao_do_objeto_fixture" time="0.017"/>
  <testcase classname="br.com.contmatic.empresa.EmpresaTest" name="deve_aceitar_razao_social_apenas_com_letras" time="0.009"/>
  <testcase classname="br.com.contmatic.empresa.EmpresaTest" name="deve_aceitar_nome_fantasia_com_E_comercial" time="0.006"/>
  <testcase classname="br.com.contmatic.empresa.EmpresaTest" name="nao_deve_aceitar_area_de_atuacao_apenas_com_ponto" time="0.006"/>
  <testcase classname="br.com.contmatic.empresa.EmpresaTest" name="deve_apontar_igualdade_entre_os_objetos_empresa" time="0.003"/>
  <testcase classname="br.com.contmatic.empresa.EmpresaTest" name="nao_deve_aceitar_area_de_atuacao_em_branco" time="0.006"/>
  <testcase classname="br.com.contmatic.empresa.EmpresaTest" name="deve_aceitar_razao_social_com_letras_hifen_e_espaco" time="0.007"/>
  <testcase classname="br.com.contmatic.empresa.EmpresaTest" name="deve_indicar_que_o_metodo_toString_esta_sobrescrito_por_nao_conter_o_caractere_arroba" time="0.004"/>
  <testcase classname="br.com.contmatic.empresa.EmpresaTest" name="nao_deve_aceitar_cnpj_composto_por_letras" time="0.007"/>
  <testcase classname="br.com.contmatic.empresa.EmpresaTest" name="deve_aceitar_nome_fantasia_com_arroba" time="0.009"/>
  <testcase classname="br.com.contmatic.empresa.EmpresaTest" name="nao_deve_redefinir_a_lista_de_telefones_por_uma_lista_nula" time="0.006"/>
  <testcase classname="br.com.contmatic.empresa.EmpresaTest" name="nao_deve_aceitar_razao_social_em_branco" time="0.009"/>
  <testcase classname="br.com.contmatic.empresa.EmpresaTest" name="deve_aceitar_razao_social_com_mais_de_um_ponto" time="0.008"/>
  <testcase classname="br.com.contmatic.empresa.EmpresaTest" name="deve_redefinir_a_lista_de_departamentos" time="0.009"/>
  <testcase classname="br.com.contmatic.empresa.EmpresaTest" name="deve_definir_uma_nova_area_de_atuacao_para_a_empresa" time="0.01"/>
  <testcase classname="br.com.contmatic.empresa.EmpresaTest" name="deve_aceitar_razao_social_com_letras_e_espaco" time="0.009"/>
  <testcase classname="br.com.contmatic.empresa.EmpresaTest" name="nao_deve_aceitar_razao_social_apenas_com_espaco" time="0.006"/>
  <testcase classname="br.com.contmatic.empresa.EmpresaTest" name="nao_deve_redefinir_a_lista_de_telefones_por_uma_lista_que_esteja_vazia" time="0.005"/>
  <testcase classname="br.com.contmatic.empresa.EmpresaTest" name="nao_deve_apontar_igualdade_entre_os_objetos_usando_equals_sobrescrito_porque_objeto2_e_nulo" time="0.003"/>
  <testcase classname="br.com.contmatic.empresa.EmpresaTest" name="nao_deve_aceitar_area_de_atuacao_nula" time="0.004"/>
  <testcase classname="br.com.contmatic.empresa.EmpresaTest" name="nao_deve_aceitar_razao_social_nula" time="0.006"/>
  <testcase classname="br.com.contmatic.empresa.EmpresaTest" name="nao_deve_aceitar_url_invalida_para_o_site" time="0.008"/>
  <testcase classname="br.com.contmatic.empresa.EmpresaTest" name="deve_aceitar_nome_fantasia_com_letras_e_numeros" time="0.008"/>
  <testcase classname="br.com.contmatic.empresa.EmpresaTest" name="deve_redefinir_um_novo_site" time="0.007"/>
  <testcase classname="br.com.contmatic.empresa.EmpresaTest" name="nao_deve_aceitar_nome_fantasia_com_hifen_no_fim" time="0.008"/>
  <testcase classname="br.com.contmatic.empresa.EmpresaTest" name="deve_aceitar_nome_fantasia_com_numeros_entre_letras" time="0.008"/>
  <testcase classname="br.com.contmatic.empresa.EmpresaTest" name="nao_deve_aceitar_razao_social_apenas_com_ponto" time="0.008"/>
  <testcase classname="br.com.contmatic.empresa.EmpresaTest" name="nao_deve_aceitar_cnpj_composto_por_digitos_iguais" time="0.005"/>
  <testcase classname="br.com.contmatic.empresa.EmpresaTest" name="deve_aceitar_nome_fantasia_com_letras_hifen_e_espaco" time="0.005"/>
  <testcase classname="br.com.contmatic.empresa.EmpresaTest" name="deve_aceitar_nome_fantasia_com_virgula" time="0.005"/>
  <testcase classname="br.com.contmatic.empresa.EmpresaTest" name="nao_deve_apontar_igualdade_entre_os_objetos_usando_equals_sobrescrito_porque_sao_de_classes_diferentes" time="0.006"/>
  <testcase classname="br.com.contmatic.empresa.EmpresaTest" name="nao_deve_aceitar_cnpj_composto_por_caracteres_especiais" time="0.005"/>
  <testcase classname="br.com.contmatic.empresa.EmpresaTest" name="deve_apontar_igualdade_entre_os_objetos_empresa_usando_hashcode_sobrescrito" time="0.003"/>
  <testcase classname="br.com.contmatic.empresa.EmpresaTest" name="nao_deve_aceitar_razao_social_de_tamanho_maior_que_100_caracteres" time="0.005"/>
  <testcase classname="br.com.contmatic.empresa.EmpresaTest" name="deve_aceitar_email_valido" time="0.005"/>
  <testcase classname="br.com.contmatic.empresa.EmpresaTest" name="deve_definir_um_novo_cnpj_para_a_empresa" time="0.002"/>
  <testcase classname="br.com.contmatic.empresa.EmpresaTest" name="nao_deve_aceitar_cnpj_composto_por_menos_de_14_digitos" time="0.007"/>
  <testcase classname="br.com.contmatic.empresa.EmpresaTest" name="nao_deve_aceitar_email_com_mais_de_100_caracteres" time="0.006"/>
  <testcase classname="br.com.contmatic.empresa.EmpresaTest" name="deve_aceitar_nome_fantasia_com_letras_hifen_espaco_e_ponto" time="0.005"/>
  <testcase classname="br.com.contmatic.empresa.EmpresaTest" name="nao_deve_aceitar_email_invalido" time="0.005"/>
  <testcase classname="br.com.contmatic.empresa.EmpresaTest" name="deve_aceitar_razao_social_com_letras_e_numeros" time="0.004"/>
  <testcase classname="br.com.contmatic.empresa.EmpresaTest" name="nao_deve_aceitar_area_de_atuacao_com_mais_de_55_caracteres" time="0.006"/>
  <testcase classname="br.com.contmatic.empresa.EmpresaTest" name="nao_deve_aceitar_nome_fantasia_com_letras_e_caracteres_especiais_diferentes" time="0.006"/>
  <testcase classname="br.com.contmatic.empresa.EmpresaTest" name="deve_aceitar_cnpj_valido_sem_caracteres_especiais" time="0.006"/>
  <testcase classname="br.com.contmatic.empresa.EmpresaTest" name="nao_deve_aceitar_nome_fantasia_apenas_com_numeros_e_hifen" time="0.008"/>
  <testcase classname="br.com.contmatic.empresa.EmpresaTest" name="deve_aceitar_url_valida_para_o_site" time="0.005"/>
  <testcase classname="br.com.contmatic.empresa.EmpresaTest" name="deve_apontar_igualdade_entre_os_objetos_usando_equals_sobrescrito_porque_ambos_tem_o_mesmo_cnpj" time="0.008"/>
  <testcase classname="br.com.contmatic.empresa.EmpresaTest" name="nao_deve_aceitar_nome_fantasia_de_tamanho_maior_que_55_caracteres" time="0.008"/>
</testsuite>